<?xml version="1.0" encoding="UTF-8"?>
<!-- Generated by org.testng.reporters.JUnitReportReporter -->
<testsuite hostname="ASUS" failures="0" tests="2" name="Rakesh.test.SubmitOrderTest" time="0.000" errors="0" timestamp="11 Apr 2023 03:32:31 GMT" skipped="2">
  <testcase classname="Rakesh.test.SubmitOrderTest" name="submitOrder" time="0.000">
    <skipped/>
  </testcase> <!-- submitOrder -->
  <testcase classname="Rakesh.test.SubmitOrderTest" name="orderHistoryTest" time="0.000">
    <skipped/>
  </testcase> <!-- orderHistoryTest -->
</testsuite> <!-- Rakesh.test.SubmitOrderTest -->
